[01:34:18] [ServerMain/INFO]: Environment: Environment[sessionHost=https://sessionserver.mojang.com, servicesHost=https://api.minecraftservices.com, name=PROD]
[01:34:22] [ServerMain/INFO]: Loaded 1407 recipes
[01:34:22] [ServerMain/INFO]: Loaded 1520 advancements
[01:34:22] [Server thread/INFO]: Starting minecraft server version 1.21.8
[01:34:22] [Server thread/INFO]: Loading properties
[01:34:22] [Server thread/INFO]: Default game type: SURVIVAL
[01:34:22] [Server thread/INFO]: Generating keypair
[01:34:22] [Server thread/INFO]: Starting Minecraft server on *:25565
[01:34:22] [Server thread/INFO]: Using epoll channel type
[01:34:22] [Server thread/WARN]: **** SERVER IS RUNNING IN OFFLINE/INSECURE MODE!
[01:34:22] [Server thread/WARN]: The server will make no attempt to authenticate usernames. Beware.
[01:34:22] [Server thread/WARN]: While this makes the game possible to play without internet access, it also opens up the ability for hackers to connect with any username they choose.
[01:34:22] [Server thread/WARN]: To change this, set "online-mode" to "true" in the server.properties file.
[01:34:22] [Server thread/INFO]: Preparing level "world"
[01:34:23] [Server thread/INFO]: Preparing start region for dimension minecraft:overworld
[01:34:31] [Worker-Main-1/INFO]: Preparing spawn area: 0%
[01:34:31] [Worker-Main-1/INFO]: Preparing spawn area: 0%
[01:34:31] [Worker-Main-1/INFO]: Preparing spawn area: 0%
[01:34:31] [Worker-Main-1/INFO]: Preparing spawn area: 0%
[01:34:31] [Worker-Main-1/INFO]: Preparing spawn area: 0%
[01:34:31] [Worker-Main-1/INFO]: Preparing spawn area: 0%
[01:34:31] [Worker-Main-1/INFO]: Preparing spawn area: 0%
[01:34:31] [Worker-Main-1/INFO]: Preparing spawn area: 0%
[01:34:31] [Worker-Main-1/INFO]: Preparing spawn area: 0%
[01:34:31] [Worker-Main-1/INFO]: Preparing spawn area: 0%
[01:34:31] [Worker-Main-1/INFO]: Preparing spawn area: 0%
[01:34:31] [Worker-Main-1/INFO]: Preparing spawn area: 0%
[01:34:31] [Worker-Main-1/INFO]: Preparing spawn area: 0%
[01:34:31] [Worker-Main-1/INFO]: Preparing spawn area: 0%
[01:34:31] [Worker-Main-1/INFO]: Preparing spawn area: 0%
[01:34:31] [Worker-Main-1/INFO]: Preparing spawn area: 0%
[01:34:31] [Worker-Main-1/INFO]: Preparing spawn area: 0%
[01:34:32] [Worker-Main-1/INFO]: Preparing spawn area: 18%
[01:34:32] [Server thread/INFO]: Time elapsed: 8603 ms
[01:34:32] [Server thread/INFO]: Done (9.264s)! For help, type "help"
[01:35:32] [Server thread/INFO]: Server empty for 60 seconds, pausing
[01:37:20] [Server thread/INFO]: IngCucaneitor[/127.53.13.236:40277] logged in with entity id 7 at (-500.10866815322504, 66.0, -294.3694953943901)
[01:37:21] [Server thread/INFO]: IngCucaneitor joined the game
[01:49:31] [Server thread/INFO]: Villager cuf['Librarian'/604, l='ServerLevel[world]', x=-502.50, y=65.00, z=-299.39] died, message: 'Librarian was slain by Zombie Villager'
[01:50:11] [Server thread/INFO]: Incorrect argument for command
[01:50:11] [Server thread/INFO]: ...culty hard <--[HERE]
[01:50:25] [Server thread/INFO]: The difficulty has been set to Hard
[01:50:40] [Server thread/INFO]: The difficulty did not change; it is already set to hard
[01:50:57] [Server thread/INFO]: /advancement (grant|revoke)
[01:50:57] [Server thread/INFO]: /attribute <target> <attribute> (get|base|modifier)
[01:50:57] [Server thread/INFO]: /execute (run|if|unless|as|at|store|positioned|rotated|facing|align|anchored|in|summon|on)
[01:50:57] [Server thread/INFO]: /bossbar (add|remove|list|set|get)
[01:50:57] [Server thread/INFO]: /clear [<targets>]
[01:50:57] [Server thread/INFO]: /clone (<begin>|from)
[01:50:57] [Server thread/INFO]: /damage <target> <amount> [<damageType>]
[01:50:57] [Server thread/INFO]: /data (merge|get|remove|modify)
[01:50:57] [Server thread/INFO]: /datapack (enable|disable|list|create)
[01:50:57] [Server thread/INFO]: /debug (start|stop|function)
[01:50:57] [Server thread/INFO]: /defaultgamemode <gamemode>
[01:50:57] [Server thread/INFO]: /dialog (show|clear)
[01:50:57] [Server thread/INFO]: /difficulty [peaceful|easy|normal|hard]
[01:50:57] [Server thread/INFO]: /effect (clear|give)
[01:50:57] [Server thread/INFO]: /me <action>
[01:50:57] [Server thread/INFO]: /enchant <targets> <enchantment> [<level>]
[01:50:57] [Server thread/INFO]: /experience (add|set|query)
[01:50:57] [Server thread/INFO]: /xp -> experience
[01:50:57] [Server thread/INFO]: /fill <from> <to> <block> [outline|hollow|destroy|strict|replace|keep]
[01:50:57] [Server thread/INFO]: /fillbiome <from> <to> <biome> [replace]
[01:50:57] [Server thread/INFO]: /forceload (add|remove|query)
[01:50:57] [Server thread/INFO]: /function <name> [<arguments>|with]
[01:50:57] [Server thread/INFO]: /gamemode <gamemode> [<target>]
[01:50:57] [Server thread/INFO]: /gamerule (allowFireTicksAwayFromPlayer|announceAdvancements|blockExplosionDropDecay|commandBlockOutput|commandModificationBlockLimit|disableElytraMovementCheck|disablePlayerMovementCheck|disableRaids|doDaylightCycle|doEntityDrops|doFireTick|doImmediateRespawn|doInsomnia|doLimitedCrafting|doMobLoot|doMobSpawning|doPatrolSpawning|doTileDrops|doTraderSpawning|doVinesSpread|doWardenSpawning|doWeatherCycle|drowningDamage|enderPearlsVanishOnDeath|fallDamage|fireDamage|forgiveDeadPlayers|freezeDamage|globalSoundEvents|keepInventory|lavaSourceConversion|locatorBar|logAdminCommands|maxCommandChainLength|maxCommandForkCount|maxEntityCramming|mobExplosionDropDecay|mobGriefing|naturalRegeneration|playersNetherPortalCreativeDelay|playersNetherPortalDefaultDelay|playersSleepingPercentage|projectilesCanBreakBlocks|randomTickSpeed|reducedDebugInfo|sendCommandFeedback|showDeathMessages|snowAccumulationHeight|spawnChunkRadius|spawnRadius|spectatorsGenerateChunks|tntExplodes|tntExplosionDropDecay|universalAnger|waterSourceConversion)
[01:50:57] [Server thread/INFO]: /give <targets> <item> [<count>]
[01:50:57] [Server thread/INFO]: /help [<command>]
[01:50:57] [Server thread/INFO]: /item (replace|modify)
[01:50:57] [Server thread/INFO]: /kick <targets> [<reason>]
[01:50:57] [Server thread/INFO]: /kill [<targets>]
[01:50:57] [Server thread/INFO]: /list [uuids]
[01:50:57] [Server thread/INFO]: /locate (structure|biome|poi)
[01:50:57] [Server thread/INFO]: /loot (replace|insert|give|spawn)
[01:50:57] [Server thread/INFO]: /msg <targets> <message>
[01:50:57] [Server thread/INFO]: /tell -> msg
[01:50:57] [Server thread/INFO]: /w -> msg
[01:50:57] [Server thread/INFO]: /particle <name> [<pos>]
[01:50:57] [Server thread/INFO]: /place (feature|jigsaw|structure|template)
[01:50:57] [Server thread/INFO]: /playsound <sound> [master|music|record|weather|block|hostile|neutral|player|ambient|voice|ui]
[01:50:57] [Server thread/INFO]: /random (value|roll|reset)
[01:50:57] [Server thread/INFO]: /reload
[01:50:57] [Server thread/INFO]: /recipe (give|take)
[01:50:57] [Server thread/INFO]: /return (<value>|fail|run)
[01:50:57] [Server thread/INFO]: /ride <target> (mount|dismount)
[01:50:57] [Server thread/INFO]: /rotate <target> (<rotation>|facing)
[01:50:57] [Server thread/INFO]: /say <message>
[01:50:57] [Server thread/INFO]: /schedule (function|clear)
[01:50:57] [Server thread/INFO]: /scoreboard (objectives|players)
[01:50:57] [Server thread/INFO]: /seed
[01:50:57] [Server thread/INFO]: /version
[01:50:57] [Server thread/INFO]: /setblock <pos> <block> [destroy|keep|replace|strict]
[01:50:57] [Server thread/INFO]: /spawnpoint [<targets>]
[01:50:57] [Server thread/INFO]: /setworldspawn [<pos>]
[01:50:57] [Server thread/INFO]: /spectate [<target>]
[01:50:57] [Server thread/INFO]: /spreadplayers <center> <spreadDistance> <maxRange> (<respectTeams>|under)
[01:50:57] [Server thread/INFO]: /stopsound <targets> [*|master|music|record|weather|block|hostile|neutral|player|ambient|voice|ui]
[01:50:57] [Server thread/INFO]: /summon <entity> [<pos>]
[01:50:57] [Server thread/INFO]: /tag <targets> (add|remove|list)
[01:50:57] [Server thread/INFO]: /team (list|add|remove|empty|join|leave|modify)
[01:50:57] [Server thread/INFO]: /teammsg <message>
[01:50:57] [Server thread/INFO]: /tm -> teammsg
[01:50:57] [Server thread/INFO]: /teleport (<location>|<destination>|<targets>)
[01:50:57] [Server thread/INFO]: /tp -> teleport
[01:50:57] [Server thread/INFO]: /tellraw <targets> <message>
[01:50:57] [Server thread/INFO]: /test (run|runmultiple|runthese|runclosest|runthat|runfailed|verify|locate|resetclosest|resetthese|resetthat|clearthat|clearthese|clearall|stop|pos|create)
[01:50:57] [Server thread/INFO]: /tick (query|rate|step|sprint|unfreeze|freeze)
[01:50:57] [Server thread/INFO]: /time (set|add|query)
[01:50:57] [Server thread/INFO]: /title <targets> (clear|reset|title|subtitle|actionbar|times)
[01:50:57] [Server thread/INFO]: /trigger <objective> [add|set]
[01:50:57] [Server thread/INFO]: /waypoint (list|modify)
[01:50:57] [Server thread/INFO]: /weather (clear|rain|thunder)
[01:50:57] [Server thread/INFO]: /worldborder (add|set|center|damage|get|warning)
[01:50:57] [Server thread/INFO]: /jfr (start|stop)
[01:50:57] [Server thread/INFO]: /ban-ip <target> [<reason>]
[01:50:57] [Server thread/INFO]: /banlist [ips|players]
[01:50:57] [Server thread/INFO]: /ban <targets> [<reason>]
[01:50:57] [Server thread/INFO]: /deop <targets>
[01:50:57] [Server thread/INFO]: /op <targets>
[01:50:57] [Server thread/INFO]: /pardon <targets>
[01:50:57] [Server thread/INFO]: /pardon-ip <target>
[01:50:57] [Server thread/INFO]: /perf (start|stop)
[01:50:57] [Server thread/INFO]: /save-all [flush]
[01:50:57] [Server thread/INFO]: /save-off
[01:50:57] [Server thread/INFO]: /save-on
[01:50:57] [Server thread/INFO]: /setidletimeout <minutes>
[01:50:57] [Server thread/INFO]: /stop
[01:50:57] [Server thread/INFO]: /transfer <hostname> [<port>]
[01:50:57] [Server thread/INFO]: /whitelist (on|off|list|add|remove|reload)
[01:51:29] [Server thread/INFO]: Incorrect argument for command
[01:51:29] [Server thread/INFO]: ...culty easy <--[HERE]
[01:52:00] [Server thread/INFO]: IngCucaneitor lost connection: Disconnected
[01:52:00] [Server thread/INFO]: IngCucaneitor left the game
[01:52:48] [Server thread/INFO]: Incorrect argument for command
[01:52:48] [Server thread/INFO]: stop <--[HERE]
[01:52:51] [Server thread/INFO]: Incorrect argument for command
[01:52:51] [Server thread/INFO]: stop <--[HERE]
[01:52:56] [Server thread/INFO]: Stopping the server
[01:52:56] [Server thread/INFO]: Stopping server
[01:52:56] [Server thread/INFO]: Saving players
[01:52:56] [Server thread/INFO]: Saving worlds
[01:52:56] [Server thread/INFO]: Saving chunks for level 'ServerLevel[world]'/minecraft:overworld
[01:52:56] [Server thread/INFO]: Saving chunks for level 'ServerLevel[world]'/minecraft:the_end
[01:52:56] [Server thread/INFO]: Saving chunks for level 'ServerLevel[world]'/minecraft:the_nether
[01:52:56] [Server thread/INFO]: ThreadedAnvilChunkStorage (world): All chunks are saved
[01:52:56] [Server thread/INFO]: ThreadedAnvilChunkStorage (DIM1): All chunks are saved
[01:52:56] [Server thread/INFO]: ThreadedAnvilChunkStorage (DIM-1): All chunks are saved
[01:52:56] [Server thread/INFO]: ThreadedAnvilChunkStorage: All dimensions are saved
